<?xml version="1.0" encoding="UTF-8"?>
<!-- Generated by org.testng.reporters.JUnitReportReporter -->
<testsuite hostname="Kamalappu" failures="0" tests="2" name="testng.AnnotationsExample" time="0.009" errors="0" timestamp="16 Apr 2025 09:29:43 GMT" skipped="1">
  <testcase classname="testng.AnnotationsExample" name="test1" time="0.009"/>
  <testcase classname="testng.AnnotationsExample" name="test2">
    <skipped/>
  </testcase> <!-- test2 -->
</testsuite> <!-- testng.AnnotationsExample -->
