<?xml version="1.0" encoding="UTF-8"?>
<!-- Generated by org.testng.reporters.JUnitReportReporter -->
<testsuite hostname="Kamalappu" failures="0" tests="1" name="swaglab_test.ProductsTest" time="2.232" errors="0" timestamp="18 Apr 2025 09:39:27 GMT" skipped="0">
  <testcase classname="swaglab_test.ProductsTest" name="AddtoCartTest" time="2.232"/>
</testsuite> <!-- swaglab_test.ProductsTest -->
